  imgui.cpp
  imgui_demo.cpp
  imgui_draw.cpp
  imgui_impl_sdl.cpp
  imgui_impl_sdlrenderer.cpp
  imgui_tables.cpp
  imgui_widgets.cpp
  Action.cpp
  ActionSet.cpp
  Agent.cpp
  AgentManager.cpp
  Application.cpp
  FileUtils.cpp
  main.cpp
  State.cpp
  StateCollection.cpp
  Window.cpp
C:\Users\ImHiP\Documents\GitHub\Crowp\Crowp\Crowp\Window.cpp(85,5): warning C4834: discarding return value of function with 'nodiscard' attribute
C:\Users\ImHiP\Documents\GitHub\Crowp\Crowp\Crowp\Window.cpp(99,93): warning C4244: 'argument': conversion from 'int' to 'float', possible loss of data
C:\Users\ImHiP\Documents\GitHub\Crowp\Crowp\Crowp\Window.cpp(129,62): warning C4244: 'argument': conversion from 'unsigned __int64' to 'float', possible loss of data
C:\Users\ImHiP\Documents\GitHub\Crowp\Crowp\Crowp\Window.cpp(164,73): warning C4244: 'argument': conversion from 'unsigned __int64' to 'float', possible loss of data
  Generating code
  Previous IPDB not found, fall back to full compilation.
  All 2375 functions were compiled because no usable IPDB/IOBJ from previous compilation was found.
  Finished generating code
  Crowp.vcxproj -> C:\Users\ImHiP\Documents\GitHub\Crowp\Crowp\x64\Release\Crowp.exe
          1 file(s) copied.
